CRITICAL - 2024-01-22 22:09:18 --> Invalid file: my_gallery/upload.php
#0 C:\xampp\htdocs\Gallery_UKK\system\View\View.php(198): CodeIgniter\Exceptions\FrameworkException::forInvalidFile('my_gallery/uplo...')
#1 C:\xampp\htdocs\Gallery_UKK\system\Common.php(1089): CodeIgniter\View\View->render('my_gallery/uplo...', Array, true)
#2 C:\xampp\htdocs\Gallery_UKK\app\Controllers\My_Gallery.php(14): view('my_gallery/uplo...')
#3 C:\xampp\htdocs\Gallery_UKK\system\CodeIgniter.php(832): App\Controllers\My_Gallery->upload()
#4 C:\xampp\htdocs\Gallery_UKK\system\CodeIgniter.php(419): CodeIgniter\CodeIgniter->runController(Object(App\Controllers\My_Gallery))
#5 C:\xampp\htdocs\Gallery_UKK\system\CodeIgniter.php(326): CodeIgniter\CodeIgniter->handleRequest(NULL, Object(Config\Cache), false)
#6 C:\xampp\htdocs\Gallery_UKK\public\index.php(37): CodeIgniter\CodeIgniter->run()
#7 C:\xampp\htdocs\Gallery_UKK\system\Commands\Server\rewrite.php(43): require_once('C:\\xampp\\htdocs...')
#8 {main}
CRITICAL - 2024-01-22 22:09:20 --> Invalid file: my_gallery/upload.php
#0 C:\xampp\htdocs\Gallery_UKK\system\View\View.php(198): CodeIgniter\Exceptions\FrameworkException::forInvalidFile('my_gallery/uplo...')
#1 C:\xampp\htdocs\Gallery_UKK\system\Common.php(1089): CodeIgniter\View\View->render('my_gallery/uplo...', Array, true)
#2 C:\xampp\htdocs\Gallery_UKK\app\Controllers\My_Gallery.php(14): view('my_gallery/uplo...')
#3 C:\xampp\htdocs\Gallery_UKK\system\CodeIgniter.php(832): App\Controllers\My_Gallery->upload()
#4 C:\xampp\htdocs\Gallery_UKK\system\CodeIgniter.php(419): CodeIgniter\CodeIgniter->runController(Object(App\Controllers\My_Gallery))
#5 C:\xampp\htdocs\Gallery_UKK\system\CodeIgniter.php(326): CodeIgniter\CodeIgniter->handleRequest(NULL, Object(Config\Cache), false)
#6 C:\xampp\htdocs\Gallery_UKK\public\index.php(37): CodeIgniter\CodeIgniter->run()
#7 C:\xampp\htdocs\Gallery_UKK\system\Commands\Server\rewrite.php(43): require_once('C:\\xampp\\htdocs...')
#8 {main}
ERROR - 2024-01-22 22:45:45 --> Error connecting to the database: Access denied for user ''@'localhost' (using password: NO)
CRITICAL - 2024-01-22 22:45:45 --> Unable to connect to the database.
Main connection [MySQLi]: Access denied for user ''@'localhost' (using password: NO)
#0 C:\xampp\htdocs\Gallery_UKK\system\Database\BaseConnection.php(577): CodeIgniter\Database\BaseConnection->initialize()
#1 C:\xampp\htdocs\Gallery_UKK\system\Database\BaseBuilder.php(1771): CodeIgniter\Database\BaseConnection->query('INSERT INTO `al...', Array, false)
#2 C:\xampp\htdocs\Gallery_UKK\app\Models\M_model.php(395): CodeIgniter\Database\BaseBuilder->insert(Array)
#3 C:\xampp\htdocs\Gallery_UKK\app\Controllers\My_Gallery.php(25): App\Models\M_model->simpan('album', Array)
#4 C:\xampp\htdocs\Gallery_UKK\system\CodeIgniter.php(832): App\Controllers\My_Gallery->album()
#5 C:\xampp\htdocs\Gallery_UKK\system\CodeIgniter.php(419): CodeIgniter\CodeIgniter->runController(Object(App\Controllers\My_Gallery))
#6 C:\xampp\htdocs\Gallery_UKK\system\CodeIgniter.php(326): CodeIgniter\CodeIgniter->handleRequest(NULL, Object(Config\Cache), false)
#7 C:\xampp\htdocs\Gallery_UKK\public\index.php(37): CodeIgniter\CodeIgniter->run()
#8 C:\xampp\htdocs\Gallery_UKK\system\Commands\Server\rewrite.php(43): require_once('C:\\xampp\\htdocs...')
#9 {main}
