CRITICAL - 2024-01-23 00:23:01 --> Invalid argument supplied for foreach()
#0 C:\xampp\htdocs\Gallery_UKK\app\Views\layout\my_gallery.php(115): CodeIgniter\Debug\Exceptions->errorHandler(2, 'Invalid argumen...', 'C:\\xampp\\htdocs...', 115, Array)
#1 C:\xampp\htdocs\Gallery_UKK\system\View\View.php(210): include('C:\\xampp\\htdocs...')
#2 C:\xampp\htdocs\Gallery_UKK\system\View\View.php(213): CodeIgniter\View\View->CodeIgniter\View\{closure}()
#3 C:\xampp\htdocs\Gallery_UKK\system\Common.php(1089): CodeIgniter\View\View->render('layout/my_galle...', Array, true)
#4 C:\xampp\htdocs\Gallery_UKK\app\Controllers\My_Gallery.php(11): view('layout/my_galle...')
#5 C:\xampp\htdocs\Gallery_UKK\system\CodeIgniter.php(832): App\Controllers\My_Gallery->index()
#6 C:\xampp\htdocs\Gallery_UKK\system\CodeIgniter.php(419): CodeIgniter\CodeIgniter->runController(Object(App\Controllers\My_Gallery))
#7 C:\xampp\htdocs\Gallery_UKK\system\CodeIgniter.php(326): CodeIgniter\CodeIgniter->handleRequest(NULL, Object(Config\Cache), false)
#8 C:\xampp\htdocs\Gallery_UKK\public\index.php(37): CodeIgniter\CodeIgniter->run()
#9 C:\xampp\htdocs\Gallery_UKK\system\Commands\Server\rewrite.php(43): require_once('C:\\xampp\\htdocs...')
#10 {main}
CRITICAL - 2024-01-23 00:25:21 --> Invalid argument supplied for foreach()
#0 C:\xampp\htdocs\Gallery_UKK\app\Views\layout\my_gallery.php(115): CodeIgniter\Debug\Exceptions->errorHandler(2, 'Invalid argumen...', 'C:\\xampp\\htdocs...', 115, Array)
#1 C:\xampp\htdocs\Gallery_UKK\system\View\View.php(210): include('C:\\xampp\\htdocs...')
#2 C:\xampp\htdocs\Gallery_UKK\system\View\View.php(213): CodeIgniter\View\View->CodeIgniter\View\{closure}()
#3 C:\xampp\htdocs\Gallery_UKK\system\Common.php(1089): CodeIgniter\View\View->render('layout/my_galle...', Array, true)
#4 C:\xampp\htdocs\Gallery_UKK\app\Controllers\My_Gallery.php(11): view('layout/my_galle...')
#5 C:\xampp\htdocs\Gallery_UKK\system\CodeIgniter.php(832): App\Controllers\My_Gallery->index()
#6 C:\xampp\htdocs\Gallery_UKK\system\CodeIgniter.php(419): CodeIgniter\CodeIgniter->runController(Object(App\Controllers\My_Gallery))
#7 C:\xampp\htdocs\Gallery_UKK\system\CodeIgniter.php(326): CodeIgniter\CodeIgniter->handleRequest(NULL, Object(Config\Cache), false)
#8 C:\xampp\htdocs\Gallery_UKK\public\index.php(37): CodeIgniter\CodeIgniter->run()
#9 C:\xampp\htdocs\Gallery_UKK\system\Commands\Server\rewrite.php(43): require_once('C:\\xampp\\htdocs...')
#10 {main}
CRITICAL - 2024-01-23 02:41:45 --> syntax error, unexpected end of file, expecting function (T_FUNCTION) or const (T_CONST)
#0 C:\xampp\htdocs\Gallery_UKK\system\Router\Router.php(175): CodeIgniter\Router\Router->autoRoute('My_Gallery')
#1 C:\xampp\htdocs\Gallery_UKK\system\CodeIgniter.php(726): CodeIgniter\Router\Router->handle('My_Gallery')
#2 C:\xampp\htdocs\Gallery_UKK\system\CodeIgniter.php(368): CodeIgniter\CodeIgniter->tryToRouteIt(Object(CodeIgniter\Router\RouteCollection))
#3 C:\xampp\htdocs\Gallery_UKK\system\CodeIgniter.php(326): CodeIgniter\CodeIgniter->handleRequest(NULL, Object(Config\Cache), false)
#4 C:\xampp\htdocs\Gallery_UKK\public\index.php(37): CodeIgniter\CodeIgniter->run()
#5 C:\xampp\htdocs\Gallery_UKK\system\Commands\Server\rewrite.php(43): require_once('C:\\xampp\\htdocs...')
#6 {main}
CRITICAL - 2024-01-23 02:42:00 --> syntax error, unexpected end of file, expecting function (T_FUNCTION) or const (T_CONST)
#0 C:\xampp\htdocs\Gallery_UKK\system\Router\Router.php(175): CodeIgniter\Router\Router->autoRoute('My_Gallery')
#1 C:\xampp\htdocs\Gallery_UKK\system\CodeIgniter.php(726): CodeIgniter\Router\Router->handle('My_Gallery')
#2 C:\xampp\htdocs\Gallery_UKK\system\CodeIgniter.php(368): CodeIgniter\CodeIgniter->tryToRouteIt(Object(CodeIgniter\Router\RouteCollection))
#3 C:\xampp\htdocs\Gallery_UKK\system\CodeIgniter.php(326): CodeIgniter\CodeIgniter->handleRequest(NULL, Object(Config\Cache), false)
#4 C:\xampp\htdocs\Gallery_UKK\public\index.php(37): CodeIgniter\CodeIgniter->run()
#5 C:\xampp\htdocs\Gallery_UKK\system\Commands\Server\rewrite.php(43): require_once('C:\\xampp\\htdocs...')
#6 {main}
CRITICAL - 2024-01-23 05:14:15 --> Invalid file: login.php
#0 C:\xampp\htdocs\Gallery_UKK\system\View\View.php(198): CodeIgniter\Exceptions\FrameworkException::forInvalidFile('login.php')
#1 C:\xampp\htdocs\Gallery_UKK\system\Common.php(1089): CodeIgniter\View\View->render('login', Array, true)
#2 C:\xampp\htdocs\Gallery_UKK\app\Controllers\Home.php(21): view('login')
#3 C:\xampp\htdocs\Gallery_UKK\system\CodeIgniter.php(832): App\Controllers\Home->index()
#4 C:\xampp\htdocs\Gallery_UKK\system\CodeIgniter.php(419): CodeIgniter\CodeIgniter->runController(Object(App\Controllers\Home))
#5 C:\xampp\htdocs\Gallery_UKK\system\CodeIgniter.php(326): CodeIgniter\CodeIgniter->handleRequest(NULL, Object(Config\Cache), false)
#6 C:\xampp\htdocs\Gallery_UKK\public\index.php(37): CodeIgniter\CodeIgniter->run()
#7 C:\xampp\htdocs\Gallery_UKK\system\Commands\Server\rewrite.php(43): require_once('C:\\xampp\\htdocs...')
#8 {main}
CRITICAL - 2024-01-23 05:14:16 --> Invalid file: login.php
#0 C:\xampp\htdocs\Gallery_UKK\system\View\View.php(198): CodeIgniter\Exceptions\FrameworkException::forInvalidFile('login.php')
#1 C:\xampp\htdocs\Gallery_UKK\system\Common.php(1089): CodeIgniter\View\View->render('login', Array, true)
#2 C:\xampp\htdocs\Gallery_UKK\app\Controllers\Home.php(21): view('login')
#3 C:\xampp\htdocs\Gallery_UKK\system\CodeIgniter.php(832): App\Controllers\Home->index()
#4 C:\xampp\htdocs\Gallery_UKK\system\CodeIgniter.php(419): CodeIgniter\CodeIgniter->runController(Object(App\Controllers\Home))
#5 C:\xampp\htdocs\Gallery_UKK\system\CodeIgniter.php(326): CodeIgniter\CodeIgniter->handleRequest(NULL, Object(Config\Cache), false)
#6 C:\xampp\htdocs\Gallery_UKK\public\index.php(37): CodeIgniter\CodeIgniter->run()
#7 C:\xampp\htdocs\Gallery_UKK\system\Commands\Server\rewrite.php(43): require_once('C:\\xampp\\htdocs...')
#8 {main}
CRITICAL - 2024-01-23 05:29:09 --> syntax error, unexpected '}', expecting end of file
#0 C:\xampp\htdocs\Gallery_UKK\system\View\View.php(213): CodeIgniter\View\View->CodeIgniter\View\{closure}()
#1 C:\xampp\htdocs\Gallery_UKK\system\Common.php(1089): CodeIgniter\View\View->render('layout/my_galle...', Array, true)
#2 C:\xampp\htdocs\Gallery_UKK\app\Controllers\My_Gallery.php(20): view('layout/my_galle...', Array)
#3 C:\xampp\htdocs\Gallery_UKK\system\CodeIgniter.php(832): App\Controllers\My_Gallery->index()
#4 C:\xampp\htdocs\Gallery_UKK\system\CodeIgniter.php(419): CodeIgniter\CodeIgniter->runController(Object(App\Controllers\My_Gallery))
#5 C:\xampp\htdocs\Gallery_UKK\system\CodeIgniter.php(326): CodeIgniter\CodeIgniter->handleRequest(NULL, Object(Config\Cache), false)
#6 C:\xampp\htdocs\Gallery_UKK\public\index.php(37): CodeIgniter\CodeIgniter->run()
#7 C:\xampp\htdocs\Gallery_UKK\system\Commands\Server\rewrite.php(43): require_once('C:\\xampp\\htdocs...')
#8 {main}
CRITICAL - 2024-01-23 05:29:45 --> Invalid argument supplied for foreach()
#0 C:\xampp\htdocs\Gallery_UKK\app\Views\layout\my_gallery.php(142): CodeIgniter\Debug\Exceptions->errorHandler(2, 'Invalid argumen...', 'C:\\xampp\\htdocs...', 142, Array)
#1 C:\xampp\htdocs\Gallery_UKK\system\View\View.php(210): include('C:\\xampp\\htdocs...')
#2 C:\xampp\htdocs\Gallery_UKK\system\View\View.php(213): CodeIgniter\View\View->CodeIgniter\View\{closure}()
#3 C:\xampp\htdocs\Gallery_UKK\system\Common.php(1089): CodeIgniter\View\View->render('layout/my_galle...', Array, true)
#4 C:\xampp\htdocs\Gallery_UKK\app\Controllers\My_Gallery.php(20): view('layout/my_galle...', Array)
#5 C:\xampp\htdocs\Gallery_UKK\system\CodeIgniter.php(832): App\Controllers\My_Gallery->index()
#6 C:\xampp\htdocs\Gallery_UKK\system\CodeIgniter.php(419): CodeIgniter\CodeIgniter->runController(Object(App\Controllers\My_Gallery))
#7 C:\xampp\htdocs\Gallery_UKK\system\CodeIgniter.php(326): CodeIgniter\CodeIgniter->handleRequest(NULL, Object(Config\Cache), false)
#8 C:\xampp\htdocs\Gallery_UKK\public\index.php(37): CodeIgniter\CodeIgniter->run()
#9 C:\xampp\htdocs\Gallery_UKK\system\Commands\Server\rewrite.php(43): require_once('C:\\xampp\\htdocs...')
#10 {main}
ERROR - 2024-01-23 05:46:29 --> You have an error in your SQL syntax; check the manual that corresponds to your MariaDB server version for the right syntax to use near 'IS NULL' at line 3
CRITICAL - 2024-01-23 05:46:29 --> Call to a member function getResult() on bool
#0 C:\xampp\htdocs\Gallery_UKK\app\Controllers\My_Gallery.php(14): App\Models\M_model->tampilWhere('album', Array)
#1 C:\xampp\htdocs\Gallery_UKK\system\CodeIgniter.php(832): App\Controllers\My_Gallery->index()
#2 C:\xampp\htdocs\Gallery_UKK\system\CodeIgniter.php(419): CodeIgniter\CodeIgniter->runController(Object(App\Controllers\My_Gallery))
#3 C:\xampp\htdocs\Gallery_UKK\system\CodeIgniter.php(326): CodeIgniter\CodeIgniter->handleRequest(NULL, Object(Config\Cache), false)
#4 C:\xampp\htdocs\Gallery_UKK\public\index.php(37): CodeIgniter\CodeIgniter->run()
#5 C:\xampp\htdocs\Gallery_UKK\system\Commands\Server\rewrite.php(43): require_once('C:\\xampp\\htdocs...')
#6 {main}
ERROR - 2024-01-23 05:48:22 --> Unknown column 'username' in 'where clause'
CRITICAL - 2024-01-23 05:48:22 --> Call to a member function getResult() on bool
#0 C:\xampp\htdocs\Gallery_UKK\app\Controllers\My_Gallery.php(14): App\Models\M_model->tampilWhere('album', Array)
#1 C:\xampp\htdocs\Gallery_UKK\system\CodeIgniter.php(832): App\Controllers\My_Gallery->index()
#2 C:\xampp\htdocs\Gallery_UKK\system\CodeIgniter.php(419): CodeIgniter\CodeIgniter->runController(Object(App\Controllers\My_Gallery))
#3 C:\xampp\htdocs\Gallery_UKK\system\CodeIgniter.php(326): CodeIgniter\CodeIgniter->handleRequest(NULL, Object(Config\Cache), false)
#4 C:\xampp\htdocs\Gallery_UKK\public\index.php(37): CodeIgniter\CodeIgniter->run()
#5 C:\xampp\htdocs\Gallery_UKK\system\Commands\Server\rewrite.php(43): require_once('C:\\xampp\\htdocs...')
#6 {main}
ERROR - 2024-01-23 05:54:48 --> Unknown column 'id_user' in 'where clause'
CRITICAL - 2024-01-23 05:54:48 --> Call to a member function getResult() on bool
#0 C:\xampp\htdocs\Gallery_UKK\app\Controllers\My_Gallery.php(13): App\Models\M_model->tampilWhere('album', Array)
#1 C:\xampp\htdocs\Gallery_UKK\system\CodeIgniter.php(832): App\Controllers\My_Gallery->index()
#2 C:\xampp\htdocs\Gallery_UKK\system\CodeIgniter.php(419): CodeIgniter\CodeIgniter->runController(Object(App\Controllers\My_Gallery))
#3 C:\xampp\htdocs\Gallery_UKK\system\CodeIgniter.php(326): CodeIgniter\CodeIgniter->handleRequest(NULL, Object(Config\Cache), false)
#4 C:\xampp\htdocs\Gallery_UKK\public\index.php(37): CodeIgniter\CodeIgniter->run()
#5 C:\xampp\htdocs\Gallery_UKK\system\Commands\Server\rewrite.php(43): require_once('C:\\xampp\\htdocs...')
#6 {main}
ERROR - 2024-01-23 06:00:06 --> Column 'id_album_gallery' cannot be null
CRITICAL - 2024-01-23 06:10:34 --> syntax error, unexpected '}'
#0 C:\xampp\htdocs\Gallery_UKK\system\Router\Router.php(175): CodeIgniter\Router\Router->autoRoute('My_Gallery')
#1 C:\xampp\htdocs\Gallery_UKK\system\CodeIgniter.php(726): CodeIgniter\Router\Router->handle('My_Gallery')
#2 C:\xampp\htdocs\Gallery_UKK\system\CodeIgniter.php(368): CodeIgniter\CodeIgniter->tryToRouteIt(Object(CodeIgniter\Router\RouteCollection))
#3 C:\xampp\htdocs\Gallery_UKK\system\CodeIgniter.php(326): CodeIgniter\CodeIgniter->handleRequest(NULL, Object(Config\Cache), false)
#4 C:\xampp\htdocs\Gallery_UKK\public\index.php(37): CodeIgniter\CodeIgniter->run()
#5 C:\xampp\htdocs\Gallery_UKK\system\Commands\Server\rewrite.php(43): require_once('C:\\xampp\\htdocs...')
#6 {main}
CRITICAL - 2024-01-23 06:10:46 --> syntax error, unexpected '}'
#0 C:\xampp\htdocs\Gallery_UKK\system\Router\Router.php(175): CodeIgniter\Router\Router->autoRoute('My_Gallery')
#1 C:\xampp\htdocs\Gallery_UKK\system\CodeIgniter.php(726): CodeIgniter\Router\Router->handle('My_Gallery')
#2 C:\xampp\htdocs\Gallery_UKK\system\CodeIgniter.php(368): CodeIgniter\CodeIgniter->tryToRouteIt(Object(CodeIgniter\Router\RouteCollection))
#3 C:\xampp\htdocs\Gallery_UKK\system\CodeIgniter.php(326): CodeIgniter\CodeIgniter->handleRequest(NULL, Object(Config\Cache), false)
#4 C:\xampp\htdocs\Gallery_UKK\public\index.php(37): CodeIgniter\CodeIgniter->run()
#5 C:\xampp\htdocs\Gallery_UKK\system\Commands\Server\rewrite.php(43): require_once('C:\\xampp\\htdocs...')
#6 {main}
CRITICAL - 2024-01-23 06:11:43 --> Too few arguments to function App\Controllers\My_Gallery::our_gallery(), 0 passed in C:\xampp\htdocs\Gallery_UKK\system\CodeIgniter.php on line 832 and exactly 1 expected
#0 C:\xampp\htdocs\Gallery_UKK\system\CodeIgniter.php(832): App\Controllers\My_Gallery->our_gallery()
#1 C:\xampp\htdocs\Gallery_UKK\system\CodeIgniter.php(419): CodeIgniter\CodeIgniter->runController(Object(App\Controllers\My_Gallery))
#2 C:\xampp\htdocs\Gallery_UKK\system\CodeIgniter.php(326): CodeIgniter\CodeIgniter->handleRequest(NULL, Object(Config\Cache), false)
#3 C:\xampp\htdocs\Gallery_UKK\public\index.php(37): CodeIgniter\CodeIgniter->run()
#4 C:\xampp\htdocs\Gallery_UKK\system\Commands\Server\rewrite.php(43): require_once('C:\\xampp\\htdocs...')
#5 {main}
ERROR - 2024-01-23 06:12:59 --> Unknown column 'album.album' in 'on clause'
CRITICAL - 2024-01-23 06:12:59 --> Call to a member function getRow() on bool
#0 C:\xampp\htdocs\Gallery_UKK\app\Controllers\My_Gallery.php(80): App\Models\M_model->our_gallery('gallery', 'album', 'gallery.id_albu...', Array)
#1 C:\xampp\htdocs\Gallery_UKK\system\CodeIgniter.php(832): App\Controllers\My_Gallery->our_gallery('5')
#2 C:\xampp\htdocs\Gallery_UKK\system\CodeIgniter.php(419): CodeIgniter\CodeIgniter->runController(Object(App\Controllers\My_Gallery))
#3 C:\xampp\htdocs\Gallery_UKK\system\CodeIgniter.php(326): CodeIgniter\CodeIgniter->handleRequest(NULL, Object(Config\Cache), false)
#4 C:\xampp\htdocs\Gallery_UKK\public\index.php(37): CodeIgniter\CodeIgniter->run()
#5 C:\xampp\htdocs\Gallery_UKK\system\Commands\Server\rewrite.php(43): require_once('C:\\xampp\\htdocs...')
#6 {main}
ERROR - 2024-01-23 06:14:03 --> Unknown column 'album.album' in 'on clause'
CRITICAL - 2024-01-23 06:14:03 --> Call to a member function getRow() on bool
#0 C:\xampp\htdocs\Gallery_UKK\app\Controllers\My_Gallery.php(80): App\Models\M_model->our_gallery('gallery', 'album', 'gallery.id_albu...', Array)
#1 C:\xampp\htdocs\Gallery_UKK\system\CodeIgniter.php(832): App\Controllers\My_Gallery->our_gallery('5')
#2 C:\xampp\htdocs\Gallery_UKK\system\CodeIgniter.php(419): CodeIgniter\CodeIgniter->runController(Object(App\Controllers\My_Gallery))
#3 C:\xampp\htdocs\Gallery_UKK\system\CodeIgniter.php(326): CodeIgniter\CodeIgniter->handleRequest(NULL, Object(Config\Cache), false)
#4 C:\xampp\htdocs\Gallery_UKK\public\index.php(37): CodeIgniter\CodeIgniter->run()
#5 C:\xampp\htdocs\Gallery_UKK\system\Commands\Server\rewrite.php(43): require_once('C:\\xampp\\htdocs...')
#6 {main}
ERROR - 2024-01-23 06:14:14 --> Unknown column 'album.album' in 'on clause'
CRITICAL - 2024-01-23 06:14:14 --> Call to a member function getRow() on bool
#0 C:\xampp\htdocs\Gallery_UKK\app\Controllers\My_Gallery.php(80): App\Models\M_model->our_gallery('gallery', 'album', 'gallery.id_albu...', Array)
#1 C:\xampp\htdocs\Gallery_UKK\system\CodeIgniter.php(832): App\Controllers\My_Gallery->our_gallery('5')
#2 C:\xampp\htdocs\Gallery_UKK\system\CodeIgniter.php(419): CodeIgniter\CodeIgniter->runController(Object(App\Controllers\My_Gallery))
#3 C:\xampp\htdocs\Gallery_UKK\system\CodeIgniter.php(326): CodeIgniter\CodeIgniter->handleRequest(NULL, Object(Config\Cache), false)
#4 C:\xampp\htdocs\Gallery_UKK\public\index.php(37): CodeIgniter\CodeIgniter->run()
#5 C:\xampp\htdocs\Gallery_UKK\system\Commands\Server\rewrite.php(43): require_once('C:\\xampp\\htdocs...')
#6 {main}
CRITICAL - 2024-01-23 06:23:37 --> Invalid argument supplied for foreach()
#0 C:\xampp\htdocs\Gallery_UKK\app\Views\layout\our_gallery.php(79): CodeIgniter\Debug\Exceptions->errorHandler(2, 'Invalid argumen...', 'C:\\xampp\\htdocs...', 79, Array)
#1 C:\xampp\htdocs\Gallery_UKK\system\View\View.php(210): include('C:\\xampp\\htdocs...')
#2 C:\xampp\htdocs\Gallery_UKK\system\View\View.php(213): CodeIgniter\View\View->CodeIgniter\View\{closure}()
#3 C:\xampp\htdocs\Gallery_UKK\system\Common.php(1089): CodeIgniter\View\View->render('layout/our_gall...', Array, true)
#4 C:\xampp\htdocs\Gallery_UKK\app\Controllers\My_Gallery.php(90): view('layout/our_gall...', Array)
#5 C:\xampp\htdocs\Gallery_UKK\system\CodeIgniter.php(832): App\Controllers\My_Gallery->our_gallery('2')
#6 C:\xampp\htdocs\Gallery_UKK\system\CodeIgniter.php(419): CodeIgniter\CodeIgniter->runController(Object(App\Controllers\My_Gallery))
#7 C:\xampp\htdocs\Gallery_UKK\system\CodeIgniter.php(326): CodeIgniter\CodeIgniter->handleRequest(NULL, Object(Config\Cache), false)
#8 C:\xampp\htdocs\Gallery_UKK\public\index.php(37): CodeIgniter\CodeIgniter->run()
#9 C:\xampp\htdocs\Gallery_UKK\system\Commands\Server\rewrite.php(43): require_once('C:\\xampp\\htdocs...')
#10 {main}
CRITICAL - 2024-01-23 06:33:47 --> Cannot use object of type stdClass as array
#0 C:\xampp\htdocs\Gallery_UKK\system\View\View.php(210): include()
#1 C:\xampp\htdocs\Gallery_UKK\system\View\View.php(213): CodeIgniter\View\View->CodeIgniter\View\{closure}()
#2 C:\xampp\htdocs\Gallery_UKK\system\Common.php(1089): CodeIgniter\View\View->render('layout/our_gall...', Array, true)
#3 C:\xampp\htdocs\Gallery_UKK\app\Controllers\My_Gallery.php(90): view('layout/our_gall...', Array)
#4 C:\xampp\htdocs\Gallery_UKK\system\CodeIgniter.php(832): App\Controllers\My_Gallery->our_gallery('2')
#5 C:\xampp\htdocs\Gallery_UKK\system\CodeIgniter.php(419): CodeIgniter\CodeIgniter->runController(Object(App\Controllers\My_Gallery))
#6 C:\xampp\htdocs\Gallery_UKK\system\CodeIgniter.php(326): CodeIgniter\CodeIgniter->handleRequest(NULL, Object(Config\Cache), false)
#7 C:\xampp\htdocs\Gallery_UKK\public\index.php(37): CodeIgniter\CodeIgniter->run()
#8 C:\xampp\htdocs\Gallery_UKK\system\Commands\Server\rewrite.php(43): require_once('C:\\xampp\\htdocs...')
#9 {main}
CRITICAL - 2024-01-23 06:34:47 --> Cannot use object of type stdClass as array
#0 C:\xampp\htdocs\Gallery_UKK\system\View\View.php(210): include()
#1 C:\xampp\htdocs\Gallery_UKK\system\View\View.php(213): CodeIgniter\View\View->CodeIgniter\View\{closure}()
#2 C:\xampp\htdocs\Gallery_UKK\system\Common.php(1089): CodeIgniter\View\View->render('layout/our_gall...', Array, true)
#3 C:\xampp\htdocs\Gallery_UKK\app\Controllers\My_Gallery.php(90): view('layout/our_gall...', Array)
#4 C:\xampp\htdocs\Gallery_UKK\system\CodeIgniter.php(832): App\Controllers\My_Gallery->our_gallery('2')
#5 C:\xampp\htdocs\Gallery_UKK\system\CodeIgniter.php(419): CodeIgniter\CodeIgniter->runController(Object(App\Controllers\My_Gallery))
#6 C:\xampp\htdocs\Gallery_UKK\system\CodeIgniter.php(326): CodeIgniter\CodeIgniter->handleRequest(NULL, Object(Config\Cache), false)
#7 C:\xampp\htdocs\Gallery_UKK\public\index.php(37): CodeIgniter\CodeIgniter->run()
#8 C:\xampp\htdocs\Gallery_UKK\system\Commands\Server\rewrite.php(43): require_once('C:\\xampp\\htdocs...')
#9 {main}
CRITICAL - 2024-01-23 06:34:48 --> Cannot use object of type stdClass as array
#0 C:\xampp\htdocs\Gallery_UKK\system\View\View.php(210): include()
#1 C:\xampp\htdocs\Gallery_UKK\system\View\View.php(213): CodeIgniter\View\View->CodeIgniter\View\{closure}()
#2 C:\xampp\htdocs\Gallery_UKK\system\Common.php(1089): CodeIgniter\View\View->render('layout/our_gall...', Array, true)
#3 C:\xampp\htdocs\Gallery_UKK\app\Controllers\My_Gallery.php(90): view('layout/our_gall...', Array)
#4 C:\xampp\htdocs\Gallery_UKK\system\CodeIgniter.php(832): App\Controllers\My_Gallery->our_gallery('2')
#5 C:\xampp\htdocs\Gallery_UKK\system\CodeIgniter.php(419): CodeIgniter\CodeIgniter->runController(Object(App\Controllers\My_Gallery))
#6 C:\xampp\htdocs\Gallery_UKK\system\CodeIgniter.php(326): CodeIgniter\CodeIgniter->handleRequest(NULL, Object(Config\Cache), false)
#7 C:\xampp\htdocs\Gallery_UKK\public\index.php(37): CodeIgniter\CodeIgniter->run()
#8 C:\xampp\htdocs\Gallery_UKK\system\Commands\Server\rewrite.php(43): require_once('C:\\xampp\\htdocs...')
#9 {main}
CRITICAL - 2024-01-23 06:35:30 --> Cannot use object of type stdClass as array
#0 C:\xampp\htdocs\Gallery_UKK\system\View\View.php(210): include()
#1 C:\xampp\htdocs\Gallery_UKK\system\View\View.php(213): CodeIgniter\View\View->CodeIgniter\View\{closure}()
#2 C:\xampp\htdocs\Gallery_UKK\system\Common.php(1089): CodeIgniter\View\View->render('layout/our_gall...', Array, true)
#3 C:\xampp\htdocs\Gallery_UKK\app\Controllers\My_Gallery.php(90): view('layout/our_gall...', Array)
#4 C:\xampp\htdocs\Gallery_UKK\system\CodeIgniter.php(832): App\Controllers\My_Gallery->our_gallery('2')
#5 C:\xampp\htdocs\Gallery_UKK\system\CodeIgniter.php(419): CodeIgniter\CodeIgniter->runController(Object(App\Controllers\My_Gallery))
#6 C:\xampp\htdocs\Gallery_UKK\system\CodeIgniter.php(326): CodeIgniter\CodeIgniter->handleRequest(NULL, Object(Config\Cache), false)
#7 C:\xampp\htdocs\Gallery_UKK\public\index.php(37): CodeIgniter\CodeIgniter->run()
#8 C:\xampp\htdocs\Gallery_UKK\system\Commands\Server\rewrite.php(43): require_once('C:\\xampp\\htdocs...')
#9 {main}
CRITICAL - 2024-01-23 06:36:43 --> Cannot use object of type stdClass as array
#0 C:\xampp\htdocs\Gallery_UKK\system\View\View.php(210): include()
#1 C:\xampp\htdocs\Gallery_UKK\system\View\View.php(213): CodeIgniter\View\View->CodeIgniter\View\{closure}()
#2 C:\xampp\htdocs\Gallery_UKK\system\Common.php(1089): CodeIgniter\View\View->render('layout/our_gall...', Array, true)
#3 C:\xampp\htdocs\Gallery_UKK\app\Controllers\My_Gallery.php(90): view('layout/our_gall...', Array)
#4 C:\xampp\htdocs\Gallery_UKK\system\CodeIgniter.php(832): App\Controllers\My_Gallery->our_gallery('2')
#5 C:\xampp\htdocs\Gallery_UKK\system\CodeIgniter.php(419): CodeIgniter\CodeIgniter->runController(Object(App\Controllers\My_Gallery))
#6 C:\xampp\htdocs\Gallery_UKK\system\CodeIgniter.php(326): CodeIgniter\CodeIgniter->handleRequest(NULL, Object(Config\Cache), false)
#7 C:\xampp\htdocs\Gallery_UKK\public\index.php(37): CodeIgniter\CodeIgniter->run()
#8 C:\xampp\htdocs\Gallery_UKK\system\Commands\Server\rewrite.php(43): require_once('C:\\xampp\\htdocs...')
#9 {main}
CRITICAL - 2024-01-23 06:37:29 --> Cannot use object of type stdClass as array
#0 C:\xampp\htdocs\Gallery_UKK\system\View\View.php(210): include()
#1 C:\xampp\htdocs\Gallery_UKK\system\View\View.php(213): CodeIgniter\View\View->CodeIgniter\View\{closure}()
#2 C:\xampp\htdocs\Gallery_UKK\system\Common.php(1089): CodeIgniter\View\View->render('layout/our_gall...', Array, true)
#3 C:\xampp\htdocs\Gallery_UKK\app\Controllers\My_Gallery.php(90): view('layout/our_gall...', Array)
#4 C:\xampp\htdocs\Gallery_UKK\system\CodeIgniter.php(832): App\Controllers\My_Gallery->our_gallery('2')
#5 C:\xampp\htdocs\Gallery_UKK\system\CodeIgniter.php(419): CodeIgniter\CodeIgniter->runController(Object(App\Controllers\My_Gallery))
#6 C:\xampp\htdocs\Gallery_UKK\system\CodeIgniter.php(326): CodeIgniter\CodeIgniter->handleRequest(NULL, Object(Config\Cache), false)
#7 C:\xampp\htdocs\Gallery_UKK\public\index.php(37): CodeIgniter\CodeIgniter->run()
#8 C:\xampp\htdocs\Gallery_UKK\system\Commands\Server\rewrite.php(43): require_once('C:\\xampp\\htdocs...')
#9 {main}
CRITICAL - 2024-01-23 06:38:18 --> Cannot use object of type stdClass as array
#0 C:\xampp\htdocs\Gallery_UKK\system\View\View.php(210): include()
#1 C:\xampp\htdocs\Gallery_UKK\system\View\View.php(213): CodeIgniter\View\View->CodeIgniter\View\{closure}()
#2 C:\xampp\htdocs\Gallery_UKK\system\Common.php(1089): CodeIgniter\View\View->render('layout/our_gall...', Array, true)
#3 C:\xampp\htdocs\Gallery_UKK\app\Controllers\My_Gallery.php(90): view('layout/our_gall...', Array)
#4 C:\xampp\htdocs\Gallery_UKK\system\CodeIgniter.php(832): App\Controllers\My_Gallery->our_gallery('2')
#5 C:\xampp\htdocs\Gallery_UKK\system\CodeIgniter.php(419): CodeIgniter\CodeIgniter->runController(Object(App\Controllers\My_Gallery))
#6 C:\xampp\htdocs\Gallery_UKK\system\CodeIgniter.php(326): CodeIgniter\CodeIgniter->handleRequest(NULL, Object(Config\Cache), false)
#7 C:\xampp\htdocs\Gallery_UKK\public\index.php(37): CodeIgniter\CodeIgniter->run()
#8 C:\xampp\htdocs\Gallery_UKK\system\Commands\Server\rewrite.php(43): require_once('C:\\xampp\\htdocs...')
#9 {main}
CRITICAL - 2024-01-23 06:42:45 --> Too few arguments to function App\Models\M_model::our_gallery(), 2 passed in C:\xampp\htdocs\Gallery_UKK\app\Controllers\My_Gallery.php on line 81 and exactly 4 expected
#0 C:\xampp\htdocs\Gallery_UKK\app\Controllers\My_Gallery.php(81): App\Models\M_model->our_gallery('gallery', Array)
#1 C:\xampp\htdocs\Gallery_UKK\system\CodeIgniter.php(832): App\Controllers\My_Gallery->our_gallery('5')
#2 C:\xampp\htdocs\Gallery_UKK\system\CodeIgniter.php(419): CodeIgniter\CodeIgniter->runController(Object(App\Controllers\My_Gallery))
#3 C:\xampp\htdocs\Gallery_UKK\system\CodeIgniter.php(326): CodeIgniter\CodeIgniter->handleRequest(NULL, Object(Config\Cache), false)
#4 C:\xampp\htdocs\Gallery_UKK\public\index.php(37): CodeIgniter\CodeIgniter->run()
#5 C:\xampp\htdocs\Gallery_UKK\system\Commands\Server\rewrite.php(43): require_once('C:\\xampp\\htdocs...')
#6 {main}
CRITICAL - 2024-01-23 06:42:48 --> Too few arguments to function App\Models\M_model::our_gallery(), 2 passed in C:\xampp\htdocs\Gallery_UKK\app\Controllers\My_Gallery.php on line 81 and exactly 4 expected
#0 C:\xampp\htdocs\Gallery_UKK\app\Controllers\My_Gallery.php(81): App\Models\M_model->our_gallery('gallery', Array)
#1 C:\xampp\htdocs\Gallery_UKK\system\CodeIgniter.php(832): App\Controllers\My_Gallery->our_gallery('6')
#2 C:\xampp\htdocs\Gallery_UKK\system\CodeIgniter.php(419): CodeIgniter\CodeIgniter->runController(Object(App\Controllers\My_Gallery))
#3 C:\xampp\htdocs\Gallery_UKK\system\CodeIgniter.php(326): CodeIgniter\CodeIgniter->handleRequest(NULL, Object(Config\Cache), false)
#4 C:\xampp\htdocs\Gallery_UKK\public\index.php(37): CodeIgniter\CodeIgniter->run()
#5 C:\xampp\htdocs\Gallery_UKK\system\Commands\Server\rewrite.php(43): require_once('C:\\xampp\\htdocs...')
#6 {main}
ERROR - 2024-01-23 07:07:15 --> You have an error in your SQL syntax; check the manual that corresponds to your MariaDB server version for the right syntax to use near 'IS NULL' at line 3
CRITICAL - 2024-01-23 07:07:15 --> Call to a member function getResult() on bool
#0 C:\xampp\htdocs\Gallery_UKK\app\Controllers\My_Gallery.php(83): App\Models\M_model->tampilWhere('album', NULL)
#1 C:\xampp\htdocs\Gallery_UKK\system\CodeIgniter.php(832): App\Controllers\My_Gallery->our_gallery('5')
#2 C:\xampp\htdocs\Gallery_UKK\system\CodeIgniter.php(419): CodeIgniter\CodeIgniter->runController(Object(App\Controllers\My_Gallery))
#3 C:\xampp\htdocs\Gallery_UKK\system\CodeIgniter.php(326): CodeIgniter\CodeIgniter->handleRequest(NULL, Object(Config\Cache), false)
#4 C:\xampp\htdocs\Gallery_UKK\public\index.php(37): CodeIgniter\CodeIgniter->run()
#5 C:\xampp\htdocs\Gallery_UKK\system\Commands\Server\rewrite.php(43): require_once('C:\\xampp\\htdocs...')
#6 {main}
ERROR - 2024-01-23 07:07:31 --> You have an error in your SQL syntax; check the manual that corresponds to your MariaDB server version for the right syntax to use near 'IS NULL' at line 3
CRITICAL - 2024-01-23 07:07:31 --> Call to a member function getResult() on bool
#0 C:\xampp\htdocs\Gallery_UKK\app\Controllers\My_Gallery.php(83): App\Models\M_model->tampilWhere('album', NULL)
#1 C:\xampp\htdocs\Gallery_UKK\system\CodeIgniter.php(832): App\Controllers\My_Gallery->our_gallery('5')
#2 C:\xampp\htdocs\Gallery_UKK\system\CodeIgniter.php(419): CodeIgniter\CodeIgniter->runController(Object(App\Controllers\My_Gallery))
#3 C:\xampp\htdocs\Gallery_UKK\system\CodeIgniter.php(326): CodeIgniter\CodeIgniter->handleRequest(NULL, Object(Config\Cache), false)
#4 C:\xampp\htdocs\Gallery_UKK\public\index.php(37): CodeIgniter\CodeIgniter->run()
#5 C:\xampp\htdocs\Gallery_UKK\system\Commands\Server\rewrite.php(43): require_once('C:\\xampp\\htdocs...')
#6 {main}
ERROR - 2024-01-23 09:10:15 --> Error connecting to the database: No connection could be made because the target machine actively refused it.

CRITICAL - 2024-01-23 09:10:15 --> Unable to connect to the database.
Main connection [MySQLi]: No connection could be made because the target machine actively refused it.

#0 C:\xampp\htdocs\Gallery_UKK\system\Database\BaseConnection.php(577): CodeIgniter\Database\BaseConnection->initialize()
#1 C:\xampp\htdocs\Gallery_UKK\system\Database\BaseBuilder.php(1771): CodeIgniter\Database\BaseConnection->query('INSERT INTO `al...', Array, false)
#2 C:\xampp\htdocs\Gallery_UKK\app\Models\M_model.php(400): CodeIgniter\Database\BaseBuilder->insert(Array)
#3 C:\xampp\htdocs\Gallery_UKK\app\Controllers\My_Gallery.php(42): App\Models\M_model->simpan('album', Array)
#4 C:\xampp\htdocs\Gallery_UKK\system\CodeIgniter.php(832): App\Controllers\My_Gallery->album()
#5 C:\xampp\htdocs\Gallery_UKK\system\CodeIgniter.php(419): CodeIgniter\CodeIgniter->runController(Object(App\Controllers\My_Gallery))
#6 C:\xampp\htdocs\Gallery_UKK\system\CodeIgniter.php(326): CodeIgniter\CodeIgniter->handleRequest(NULL, Object(Config\Cache), false)
#7 C:\xampp\htdocs\Gallery_UKK\public\index.php(37): CodeIgniter\CodeIgniter->run()
#8 C:\xampp\htdocs\Gallery_UKK\system\Commands\Server\rewrite.php(43): require_once('C:\\xampp\\htdocs...')
#9 {main}
ERROR - 2024-01-23 09:10:19 --> Error connecting to the database: No connection could be made because the target machine actively refused it.

CRITICAL - 2024-01-23 09:10:19 --> Unable to connect to the database.
Main connection [MySQLi]: No connection could be made because the target machine actively refused it.

#0 C:\xampp\htdocs\Gallery_UKK\system\Database\BaseConnection.php(577): CodeIgniter\Database\BaseConnection->initialize()
#1 C:\xampp\htdocs\Gallery_UKK\system\Database\BaseBuilder.php(1771): CodeIgniter\Database\BaseConnection->query('INSERT INTO `al...', Array, false)
#2 C:\xampp\htdocs\Gallery_UKK\app\Models\M_model.php(400): CodeIgniter\Database\BaseBuilder->insert(Array)
#3 C:\xampp\htdocs\Gallery_UKK\app\Controllers\My_Gallery.php(42): App\Models\M_model->simpan('album', Array)
#4 C:\xampp\htdocs\Gallery_UKK\system\CodeIgniter.php(832): App\Controllers\My_Gallery->album()
#5 C:\xampp\htdocs\Gallery_UKK\system\CodeIgniter.php(419): CodeIgniter\CodeIgniter->runController(Object(App\Controllers\My_Gallery))
#6 C:\xampp\htdocs\Gallery_UKK\system\CodeIgniter.php(326): CodeIgniter\CodeIgniter->handleRequest(NULL, Object(Config\Cache), false)
#7 C:\xampp\htdocs\Gallery_UKK\public\index.php(37): CodeIgniter\CodeIgniter->run()
#8 C:\xampp\htdocs\Gallery_UKK\system\Commands\Server\rewrite.php(43): require_once('C:\\xampp\\htdocs...')
#9 {main}
CRITICAL - 2024-01-23 18:11:42 --> Too few arguments to function App\Controllers\My_Gallery::like(), 0 passed in C:\xampp\htdocs\Gallery_UKK\system\CodeIgniter.php on line 832 and exactly 1 expected
#0 C:\xampp\htdocs\Gallery_UKK\system\CodeIgniter.php(832): App\Controllers\My_Gallery->like()
#1 C:\xampp\htdocs\Gallery_UKK\system\CodeIgniter.php(419): CodeIgniter\CodeIgniter->runController(Object(App\Controllers\My_Gallery))
#2 C:\xampp\htdocs\Gallery_UKK\system\CodeIgniter.php(326): CodeIgniter\CodeIgniter->handleRequest(NULL, Object(Config\Cache), false)
#3 C:\xampp\htdocs\Gallery_UKK\public\index.php(37): CodeIgniter\CodeIgniter->run()
#4 C:\xampp\htdocs\Gallery_UKK\system\Commands\Server\rewrite.php(43): require_once('C:\\xampp\\htdocs...')
#5 {main}
CRITICAL - 2024-01-23 18:12:12 --> Too few arguments to function App\Controllers\My_Gallery::like(), 0 passed in C:\xampp\htdocs\Gallery_UKK\system\CodeIgniter.php on line 832 and exactly 1 expected
#0 C:\xampp\htdocs\Gallery_UKK\system\CodeIgniter.php(832): App\Controllers\My_Gallery->like()
#1 C:\xampp\htdocs\Gallery_UKK\system\CodeIgniter.php(419): CodeIgniter\CodeIgniter->runController(Object(App\Controllers\My_Gallery))
#2 C:\xampp\htdocs\Gallery_UKK\system\CodeIgniter.php(326): CodeIgniter\CodeIgniter->handleRequest(NULL, Object(Config\Cache), false)
#3 C:\xampp\htdocs\Gallery_UKK\public\index.php(37): CodeIgniter\CodeIgniter->run()
#4 C:\xampp\htdocs\Gallery_UKK\system\Commands\Server\rewrite.php(43): require_once('C:\\xampp\\htdocs...')
#5 {main}
CRITICAL - 2024-01-23 18:13:14 --> Too few arguments to function App\Controllers\My_Gallery::like(), 0 passed in C:\xampp\htdocs\Gallery_UKK\system\CodeIgniter.php on line 832 and exactly 1 expected
#0 C:\xampp\htdocs\Gallery_UKK\system\CodeIgniter.php(832): App\Controllers\My_Gallery->like()
#1 C:\xampp\htdocs\Gallery_UKK\system\CodeIgniter.php(419): CodeIgniter\CodeIgniter->runController(Object(App\Controllers\My_Gallery))
#2 C:\xampp\htdocs\Gallery_UKK\system\CodeIgniter.php(326): CodeIgniter\CodeIgniter->handleRequest(NULL, Object(Config\Cache), false)
#3 C:\xampp\htdocs\Gallery_UKK\public\index.php(37): CodeIgniter\CodeIgniter->run()
#4 C:\xampp\htdocs\Gallery_UKK\system\Commands\Server\rewrite.php(43): require_once('C:\\xampp\\htdocs...')
#5 {main}
CRITICAL - 2024-01-23 18:13:46 --> Too few arguments to function App\Controllers\My_Gallery::like(), 0 passed in C:\xampp\htdocs\Gallery_UKK\system\CodeIgniter.php on line 832 and exactly 1 expected
#0 C:\xampp\htdocs\Gallery_UKK\system\CodeIgniter.php(832): App\Controllers\My_Gallery->like()
#1 C:\xampp\htdocs\Gallery_UKK\system\CodeIgniter.php(419): CodeIgniter\CodeIgniter->runController(Object(App\Controllers\My_Gallery))
#2 C:\xampp\htdocs\Gallery_UKK\system\CodeIgniter.php(326): CodeIgniter\CodeIgniter->handleRequest(NULL, Object(Config\Cache), false)
#3 C:\xampp\htdocs\Gallery_UKK\public\index.php(37): CodeIgniter\CodeIgniter->run()
#4 C:\xampp\htdocs\Gallery_UKK\system\Commands\Server\rewrite.php(43): require_once('C:\\xampp\\htdocs...')
#5 {main}
CRITICAL - 2024-01-23 18:15:04 --> Too few arguments to function App\Controllers\My_Gallery::like(), 0 passed in C:\xampp\htdocs\Gallery_UKK\system\CodeIgniter.php on line 832 and exactly 1 expected
#0 C:\xampp\htdocs\Gallery_UKK\system\CodeIgniter.php(832): App\Controllers\My_Gallery->like()
#1 C:\xampp\htdocs\Gallery_UKK\system\CodeIgniter.php(419): CodeIgniter\CodeIgniter->runController(Object(App\Controllers\My_Gallery))
#2 C:\xampp\htdocs\Gallery_UKK\system\CodeIgniter.php(326): CodeIgniter\CodeIgniter->handleRequest(NULL, Object(Config\Cache), false)
#3 C:\xampp\htdocs\Gallery_UKK\public\index.php(37): CodeIgniter\CodeIgniter->run()
#4 C:\xampp\htdocs\Gallery_UKK\system\Commands\Server\rewrite.php(43): require_once('C:\\xampp\\htdocs...')
#5 {main}
CRITICAL - 2024-01-23 18:15:52 --> Too few arguments to function App\Controllers\My_Gallery::like(), 0 passed in C:\xampp\htdocs\Gallery_UKK\system\CodeIgniter.php on line 832 and exactly 1 expected
#0 C:\xampp\htdocs\Gallery_UKK\system\CodeIgniter.php(832): App\Controllers\My_Gallery->like()
#1 C:\xampp\htdocs\Gallery_UKK\system\CodeIgniter.php(419): CodeIgniter\CodeIgniter->runController(Object(App\Controllers\My_Gallery))
#2 C:\xampp\htdocs\Gallery_UKK\system\CodeIgniter.php(326): CodeIgniter\CodeIgniter->handleRequest(NULL, Object(Config\Cache), false)
#3 C:\xampp\htdocs\Gallery_UKK\public\index.php(37): CodeIgniter\CodeIgniter->run()
#4 C:\xampp\htdocs\Gallery_UKK\system\Commands\Server\rewrite.php(43): require_once('C:\\xampp\\htdocs...')
#5 {main}
CRITICAL - 2024-01-23 18:50:48 --> You must set the database table to be used with your query.
#0 C:\xampp\htdocs\Gallery_UKK\system\Model.php(545): CodeIgniter\Database\BaseConnection->table(NULL)
#1 C:\xampp\htdocs\Gallery_UKK\system\Model.php(722): CodeIgniter\Model->builder()
#2 C:\xampp\htdocs\Gallery_UKK\app\Controllers\Home.php(102): CodeIgniter\Model->__call('getNewData', Array)
#3 C:\xampp\htdocs\Gallery_UKK\system\CodeIgniter.php(832): App\Controllers\Home->comments()
#4 C:\xampp\htdocs\Gallery_UKK\system\CodeIgniter.php(419): CodeIgniter\CodeIgniter->runController(Object(App\Controllers\Home))
#5 C:\xampp\htdocs\Gallery_UKK\system\CodeIgniter.php(326): CodeIgniter\CodeIgniter->handleRequest(NULL, Object(Config\Cache), false)
#6 C:\xampp\htdocs\Gallery_UKK\public\index.php(37): CodeIgniter\CodeIgniter->run()
#7 C:\xampp\htdocs\Gallery_UKK\system\Commands\Server\rewrite.php(43): require_once('C:\\xampp\\htdocs...')
#8 {main}
CRITICAL - 2024-01-23 18:54:40 --> syntax error, unexpected ''comment'' (T_CONSTANT_ENCAPSED_STRING), expecting ')'
#0 C:\xampp\htdocs\Gallery_UKK\system\Router\Router.php(175): CodeIgniter\Router\Router->autoRoute('home/dashboard')
#1 C:\xampp\htdocs\Gallery_UKK\system\CodeIgniter.php(726): CodeIgniter\Router\Router->handle('home/dashboard')
#2 C:\xampp\htdocs\Gallery_UKK\system\CodeIgniter.php(368): CodeIgniter\CodeIgniter->tryToRouteIt(Object(CodeIgniter\Router\RouteCollection))
#3 C:\xampp\htdocs\Gallery_UKK\system\CodeIgniter.php(326): CodeIgniter\CodeIgniter->handleRequest(NULL, Object(Config\Cache), false)
#4 C:\xampp\htdocs\Gallery_UKK\public\index.php(37): CodeIgniter\CodeIgniter->run()
#5 C:\xampp\htdocs\Gallery_UKK\system\Commands\Server\rewrite.php(43): require_once('C:\\xampp\\htdocs...')
#6 {main}
ERROR - 2024-01-23 18:55:08 --> Column 'id_gallery_comment' cannot be null
ERROR - 2024-01-23 18:55:25 --> Column 'id_gallery_comment' cannot be null
ERROR - 2024-01-23 22:04:01 --> Unknown column 'gambar' in 'where clause'
ERROR - 2024-01-23 22:04:17 --> Unknown column 'gambar' in 'where clause'
ERROR - 2024-01-23 22:04:53 --> Unknown column 'gambar' in 'where clause'
ERROR - 2024-01-23 22:05:01 --> Unknown column 'gambar' in 'where clause'
ERROR - 2024-01-23 22:05:09 --> Unknown column 'gambar' in 'where clause'
ERROR - 2024-01-23 22:05:59 --> Unknown column 'gambar' in 'where clause'
ERROR - 2024-01-23 22:09:33 --> Unknown column 'gambar' in 'where clause'
ERROR - 2024-01-23 22:09:52 --> Unknown column 'gambar' in 'where clause'
ERROR - 2024-01-23 22:10:01 --> Unknown column 'gambar' in 'where clause'
ERROR - 2024-01-23 22:10:08 --> Unknown column 'gambar' in 'where clause'
ERROR - 2024-01-23 22:10:13 --> Unknown column 'gambar' in 'where clause'
ERROR - 2024-01-23 22:10:18 --> Unknown column 'gambar' in 'where clause'
ERROR - 2024-01-23 22:10:35 --> Unknown column 'gambar' in 'where clause'
ERROR - 2024-01-23 22:10:39 --> Unknown column 'gambar' in 'where clause'
ERROR - 2024-01-23 22:10:48 --> Unknown column 'gambar' in 'where clause'
ERROR - 2024-01-23 22:10:56 --> Unknown column 'gambar' in 'where clause'
ERROR - 2024-01-23 22:10:59 --> Unknown column 'gambar' in 'where clause'
ERROR - 2024-01-23 22:11:07 --> Unknown column 'gambar' in 'where clause'
ERROR - 2024-01-23 22:11:10 --> Unknown column 'gambar' in 'where clause'
ERROR - 2024-01-23 22:12:50 --> Unknown column 'gambar' in 'where clause'
ERROR - 2024-01-23 22:12:59 --> Unknown column 'gambar' in 'where clause'
ERROR - 2024-01-23 22:13:04 --> Unknown column 'gambar' in 'where clause'
ERROR - 2024-01-23 22:13:21 --> Unknown column 'gambar' in 'where clause'
ERROR - 2024-01-23 22:13:47 --> Unknown column 'gambar' in 'where clause'
ERROR - 2024-01-23 22:13:50 --> Unknown column 'gambar' in 'where clause'
ERROR - 2024-01-23 22:13:50 --> Unknown column 'gambar' in 'where clause'
ERROR - 2024-01-23 22:17:23 --> Unknown column 'user' in 'where clause'
ERROR - 2024-01-23 22:17:38 --> Unknown column 'user' in 'where clause'
CRITICAL - 2024-01-23 22:20:03 --> Too few arguments to function App\Controllers\Home::dashboard(), 0 passed in C:\xampp\htdocs\Gallery_UKK\system\CodeIgniter.php on line 832 and exactly 1 expected
#0 C:\xampp\htdocs\Gallery_UKK\system\CodeIgniter.php(832): App\Controllers\Home->dashboard()
#1 C:\xampp\htdocs\Gallery_UKK\system\CodeIgniter.php(419): CodeIgniter\CodeIgniter->runController(Object(App\Controllers\Home))
#2 C:\xampp\htdocs\Gallery_UKK\system\CodeIgniter.php(326): CodeIgniter\CodeIgniter->handleRequest(NULL, Object(Config\Cache), false)
#3 C:\xampp\htdocs\Gallery_UKK\public\index.php(37): CodeIgniter\CodeIgniter->run()
#4 C:\xampp\htdocs\Gallery_UKK\system\Commands\Server\rewrite.php(43): require_once('C:\\xampp\\htdocs...')
#5 {main}
ERROR - 2024-01-23 22:20:26 --> Unknown column 'user' in 'where clause'
ERROR - 2024-01-23 22:23:16 --> Unknown column 'user' in 'where clause'
ERROR - 2024-01-23 22:23:39 --> Unknown column 'user' in 'where clause'
ERROR - 2024-01-23 22:23:42 --> Unknown column 'user' in 'where clause'
ERROR - 2024-01-23 22:23:49 --> Unknown column 'user' in 'where clause'
ERROR - 2024-01-23 22:23:53 --> Unknown column 'user' in 'where clause'
ERROR - 2024-01-23 22:24:18 --> Unknown column 'user' in 'where clause'
ERROR - 2024-01-23 22:24:30 --> Unknown column 'user' in 'where clause'
ERROR - 2024-01-23 22:25:42 --> Unknown column 'user' in 'where clause'
ERROR - 2024-01-23 22:25:51 --> Unknown column 'user' in 'where clause'
ERROR - 2024-01-23 22:26:00 --> Unknown column 'user' in 'where clause'
ERROR - 2024-01-23 22:26:27 --> Unknown column 'user' in 'where clause'
ERROR - 2024-01-23 22:26:33 --> Unknown column 'user' in 'where clause'
ERROR - 2024-01-23 22:26:39 --> Unknown column 'user' in 'where clause'
ERROR - 2024-01-23 22:27:28 --> Unknown column 'user' in 'where clause'
ERROR - 2024-01-23 22:27:34 --> Unknown column 'user' in 'where clause'
ERROR - 2024-01-23 22:27:34 --> Unknown column 'user' in 'where clause'
ERROR - 2024-01-23 22:27:44 --> Unknown column 'user' in 'where clause'
ERROR - 2024-01-23 22:28:58 --> Unknown column 'user' in 'where clause'
ERROR - 2024-01-23 22:29:14 --> Unknown column 'user' in 'where clause'
ERROR - 2024-01-23 22:29:14 --> Unknown column 'user' in 'where clause'
CRITICAL - 2024-01-23 22:38:31 --> Cannot redeclare App\Controllers\Home::like()
#0 [internal function]: CodeIgniter\Debug\Exceptions->shutdownHandler()
#1 {main}
CRITICAL - 2024-01-23 22:39:34 --> Cannot redeclare App\Controllers\Home::like()
#0 [internal function]: CodeIgniter\Debug\Exceptions->shutdownHandler()
#1 {main}
CRITICAL - 2024-01-23 22:40:02 --> You must set the database table to be used with your query.
#0 C:\xampp\htdocs\Gallery_UKK\system\Model.php(545): CodeIgniter\Database\BaseConnection->table(NULL)
#1 C:\xampp\htdocs\Gallery_UKK\system\Model.php(722): CodeIgniter\Model->builder()
#2 C:\xampp\htdocs\Gallery_UKK\app\Controllers\Home.php(53): CodeIgniter\Model->__call('isLiked', Array)
#3 C:\xampp\htdocs\Gallery_UKK\system\CodeIgniter.php(832): App\Controllers\Home->dashboard('5')
#4 C:\xampp\htdocs\Gallery_UKK\system\CodeIgniter.php(419): CodeIgniter\CodeIgniter->runController(Object(App\Controllers\Home))
#5 C:\xampp\htdocs\Gallery_UKK\system\CodeIgniter.php(326): CodeIgniter\CodeIgniter->handleRequest(NULL, Object(Config\Cache), false)
#6 C:\xampp\htdocs\Gallery_UKK\public\index.php(37): CodeIgniter\CodeIgniter->run()
#7 C:\xampp\htdocs\Gallery_UKK\system\Commands\Server\rewrite.php(43): require_once('C:\\xampp\\htdocs...')
#8 {main}
CRITICAL - 2024-01-23 22:40:53 --> You must set the database table to be used with your query.
#0 C:\xampp\htdocs\Gallery_UKK\system\Model.php(545): CodeIgniter\Database\BaseConnection->table(NULL)
#1 C:\xampp\htdocs\Gallery_UKK\system\Model.php(722): CodeIgniter\Model->builder()
#2 C:\xampp\htdocs\Gallery_UKK\app\Controllers\Home.php(53): CodeIgniter\Model->__call('isLiked', Array)
#3 C:\xampp\htdocs\Gallery_UKK\system\CodeIgniter.php(832): App\Controllers\Home->dashboard('5')
#4 C:\xampp\htdocs\Gallery_UKK\system\CodeIgniter.php(419): CodeIgniter\CodeIgniter->runController(Object(App\Controllers\Home))
#5 C:\xampp\htdocs\Gallery_UKK\system\CodeIgniter.php(326): CodeIgniter\CodeIgniter->handleRequest(NULL, Object(Config\Cache), false)
#6 C:\xampp\htdocs\Gallery_UKK\public\index.php(37): CodeIgniter\CodeIgniter->run()
#7 C:\xampp\htdocs\Gallery_UKK\system\Commands\Server\rewrite.php(43): require_once('C:\\xampp\\htdocs...')
#8 {main}
CRITICAL - 2024-01-23 22:40:55 --> You must set the database table to be used with your query.
#0 C:\xampp\htdocs\Gallery_UKK\system\Model.php(545): CodeIgniter\Database\BaseConnection->table(NULL)
#1 C:\xampp\htdocs\Gallery_UKK\system\Model.php(722): CodeIgniter\Model->builder()
#2 C:\xampp\htdocs\Gallery_UKK\app\Controllers\Home.php(53): CodeIgniter\Model->__call('isLiked', Array)
#3 C:\xampp\htdocs\Gallery_UKK\system\CodeIgniter.php(832): App\Controllers\Home->dashboard('5')
#4 C:\xampp\htdocs\Gallery_UKK\system\CodeIgniter.php(419): CodeIgniter\CodeIgniter->runController(Object(App\Controllers\Home))
#5 C:\xampp\htdocs\Gallery_UKK\system\CodeIgniter.php(326): CodeIgniter\CodeIgniter->handleRequest(NULL, Object(Config\Cache), false)
#6 C:\xampp\htdocs\Gallery_UKK\public\index.php(37): CodeIgniter\CodeIgniter->run()
#7 C:\xampp\htdocs\Gallery_UKK\system\Commands\Server\rewrite.php(43): require_once('C:\\xampp\\htdocs...')
#8 {main}
CRITICAL - 2024-01-23 22:40:55 --> You must set the database table to be used with your query.
#0 C:\xampp\htdocs\Gallery_UKK\system\Model.php(545): CodeIgniter\Database\BaseConnection->table(NULL)
#1 C:\xampp\htdocs\Gallery_UKK\system\Model.php(722): CodeIgniter\Model->builder()
#2 C:\xampp\htdocs\Gallery_UKK\app\Controllers\Home.php(53): CodeIgniter\Model->__call('isLiked', Array)
#3 C:\xampp\htdocs\Gallery_UKK\system\CodeIgniter.php(832): App\Controllers\Home->dashboard('5')
#4 C:\xampp\htdocs\Gallery_UKK\system\CodeIgniter.php(419): CodeIgniter\CodeIgniter->runController(Object(App\Controllers\Home))
#5 C:\xampp\htdocs\Gallery_UKK\system\CodeIgniter.php(326): CodeIgniter\CodeIgniter->handleRequest(NULL, Object(Config\Cache), false)
#6 C:\xampp\htdocs\Gallery_UKK\public\index.php(37): CodeIgniter\CodeIgniter->run()
#7 C:\xampp\htdocs\Gallery_UKK\system\Commands\Server\rewrite.php(43): require_once('C:\\xampp\\htdocs...')
#8 {main}
CRITICAL - 2024-01-23 22:40:55 --> You must set the database table to be used with your query.
#0 C:\xampp\htdocs\Gallery_UKK\system\Model.php(545): CodeIgniter\Database\BaseConnection->table(NULL)
#1 C:\xampp\htdocs\Gallery_UKK\system\Model.php(722): CodeIgniter\Model->builder()
#2 C:\xampp\htdocs\Gallery_UKK\app\Controllers\Home.php(53): CodeIgniter\Model->__call('isLiked', Array)
#3 C:\xampp\htdocs\Gallery_UKK\system\CodeIgniter.php(832): App\Controllers\Home->dashboard('5')
#4 C:\xampp\htdocs\Gallery_UKK\system\CodeIgniter.php(419): CodeIgniter\CodeIgniter->runController(Object(App\Controllers\Home))
#5 C:\xampp\htdocs\Gallery_UKK\system\CodeIgniter.php(326): CodeIgniter\CodeIgniter->handleRequest(NULL, Object(Config\Cache), false)
#6 C:\xampp\htdocs\Gallery_UKK\public\index.php(37): CodeIgniter\CodeIgniter->run()
#7 C:\xampp\htdocs\Gallery_UKK\system\Commands\Server\rewrite.php(43): require_once('C:\\xampp\\htdocs...')
#8 {main}
CRITICAL - 2024-01-23 22:42:10 --> You must set the database table to be used with your query.
#0 C:\xampp\htdocs\Gallery_UKK\system\Model.php(545): CodeIgniter\Database\BaseConnection->table(NULL)
#1 C:\xampp\htdocs\Gallery_UKK\system\Model.php(722): CodeIgniter\Model->builder()
#2 C:\xampp\htdocs\Gallery_UKK\app\Controllers\Home.php(53): CodeIgniter\Model->__call('isLiked', Array)
#3 C:\xampp\htdocs\Gallery_UKK\system\CodeIgniter.php(832): App\Controllers\Home->dashboard('5')
#4 C:\xampp\htdocs\Gallery_UKK\system\CodeIgniter.php(419): CodeIgniter\CodeIgniter->runController(Object(App\Controllers\Home))
#5 C:\xampp\htdocs\Gallery_UKK\system\CodeIgniter.php(326): CodeIgniter\CodeIgniter->handleRequest(NULL, Object(Config\Cache), false)
#6 C:\xampp\htdocs\Gallery_UKK\public\index.php(37): CodeIgniter\CodeIgniter->run()
#7 C:\xampp\htdocs\Gallery_UKK\system\Commands\Server\rewrite.php(43): require_once('C:\\xampp\\htdocs...')
#8 {main}
CRITICAL - 2024-01-23 22:42:14 --> You must set the database table to be used with your query.
#0 C:\xampp\htdocs\Gallery_UKK\system\Model.php(545): CodeIgniter\Database\BaseConnection->table(NULL)
#1 C:\xampp\htdocs\Gallery_UKK\system\Model.php(722): CodeIgniter\Model->builder()
#2 C:\xampp\htdocs\Gallery_UKK\app\Controllers\Home.php(53): CodeIgniter\Model->__call('isLiked', Array)
#3 C:\xampp\htdocs\Gallery_UKK\system\CodeIgniter.php(832): App\Controllers\Home->dashboard('5')
#4 C:\xampp\htdocs\Gallery_UKK\system\CodeIgniter.php(419): CodeIgniter\CodeIgniter->runController(Object(App\Controllers\Home))
#5 C:\xampp\htdocs\Gallery_UKK\system\CodeIgniter.php(326): CodeIgniter\CodeIgniter->handleRequest(NULL, Object(Config\Cache), false)
#6 C:\xampp\htdocs\Gallery_UKK\public\index.php(37): CodeIgniter\CodeIgniter->run()
#7 C:\xampp\htdocs\Gallery_UKK\system\Commands\Server\rewrite.php(43): require_once('C:\\xampp\\htdocs...')
#8 {main}
CRITICAL - 2024-01-23 22:42:15 --> You must set the database table to be used with your query.
#0 C:\xampp\htdocs\Gallery_UKK\system\Model.php(545): CodeIgniter\Database\BaseConnection->table(NULL)
#1 C:\xampp\htdocs\Gallery_UKK\system\Model.php(722): CodeIgniter\Model->builder()
#2 C:\xampp\htdocs\Gallery_UKK\app\Controllers\Home.php(53): CodeIgniter\Model->__call('isLiked', Array)
#3 C:\xampp\htdocs\Gallery_UKK\system\CodeIgniter.php(832): App\Controllers\Home->dashboard()
#4 C:\xampp\htdocs\Gallery_UKK\system\CodeIgniter.php(419): CodeIgniter\CodeIgniter->runController(Object(App\Controllers\Home))
#5 C:\xampp\htdocs\Gallery_UKK\system\CodeIgniter.php(326): CodeIgniter\CodeIgniter->handleRequest(NULL, Object(Config\Cache), false)
#6 C:\xampp\htdocs\Gallery_UKK\public\index.php(37): CodeIgniter\CodeIgniter->run()
#7 C:\xampp\htdocs\Gallery_UKK\system\Commands\Server\rewrite.php(43): require_once('C:\\xampp\\htdocs...')
#8 {main}
CRITICAL - 2024-01-23 22:42:22 --> You must set the database table to be used with your query.
#0 C:\xampp\htdocs\Gallery_UKK\system\Model.php(545): CodeIgniter\Database\BaseConnection->table(NULL)
#1 C:\xampp\htdocs\Gallery_UKK\system\Model.php(722): CodeIgniter\Model->builder()
#2 C:\xampp\htdocs\Gallery_UKK\app\Controllers\Home.php(53): CodeIgniter\Model->__call('isLiked', Array)
#3 C:\xampp\htdocs\Gallery_UKK\system\CodeIgniter.php(832): App\Controllers\Home->dashboard()
#4 C:\xampp\htdocs\Gallery_UKK\system\CodeIgniter.php(419): CodeIgniter\CodeIgniter->runController(Object(App\Controllers\Home))
#5 C:\xampp\htdocs\Gallery_UKK\system\CodeIgniter.php(326): CodeIgniter\CodeIgniter->handleRequest(NULL, Object(Config\Cache), false)
#6 C:\xampp\htdocs\Gallery_UKK\public\index.php(37): CodeIgniter\CodeIgniter->run()
#7 C:\xampp\htdocs\Gallery_UKK\system\Commands\Server\rewrite.php(43): require_once('C:\\xampp\\htdocs...')
#8 {main}
CRITICAL - 2024-01-23 22:42:26 --> You must set the database table to be used with your query.
#0 C:\xampp\htdocs\Gallery_UKK\system\Model.php(545): CodeIgniter\Database\BaseConnection->table(NULL)
#1 C:\xampp\htdocs\Gallery_UKK\system\Model.php(722): CodeIgniter\Model->builder()
#2 C:\xampp\htdocs\Gallery_UKK\app\Controllers\Home.php(53): CodeIgniter\Model->__call('isLiked', Array)
#3 C:\xampp\htdocs\Gallery_UKK\system\CodeIgniter.php(832): App\Controllers\Home->dashboard()
#4 C:\xampp\htdocs\Gallery_UKK\system\CodeIgniter.php(419): CodeIgniter\CodeIgniter->runController(Object(App\Controllers\Home))
#5 C:\xampp\htdocs\Gallery_UKK\system\CodeIgniter.php(326): CodeIgniter\CodeIgniter->handleRequest(NULL, Object(Config\Cache), false)
#6 C:\xampp\htdocs\Gallery_UKK\public\index.php(37): CodeIgniter\CodeIgniter->run()
#7 C:\xampp\htdocs\Gallery_UKK\system\Commands\Server\rewrite.php(43): require_once('C:\\xampp\\htdocs...')
#8 {main}
ERROR - 2024-01-23 22:43:31 --> Unknown column 'gambar' in 'where clause'
ERROR - 2024-01-23 22:43:36 --> Unknown column 'gambar' in 'where clause'
ERROR - 2024-01-23 22:43:36 --> Unknown column 'gambar' in 'where clause'
ERROR - 2024-01-23 22:43:56 --> Unknown column 'gambar' in 'where clause'
ERROR - 2024-01-23 22:43:56 --> Unknown column 'gambar' in 'where clause'
ERROR - 2024-01-23 22:45:32 --> Unknown column 'gambar' in 'where clause'
ERROR - 2024-01-23 22:47:07 --> Unknown column 'gambar' in 'where clause'
ERROR - 2024-01-23 22:47:07 --> Unknown column 'gambar' in 'where clause'
ERROR - 2024-01-23 22:47:10 --> Unknown column 'gambar' in 'where clause'
ERROR - 2024-01-23 22:47:10 --> Unknown column 'gambar' in 'where clause'
